<?xml version="1.0" encoding="UTF-8"?>
<!-- Generated by org.testng.reporters.JUnitXMLReporter -->
<testsuite ignored="8" hostname="LAPTOP-QGAOS24U" failures="0" tests="1" name="Default test" time="4.792" errors="0" timestamp="2023-09-30T14:58:18 IST">
  <testcase classname="com.ictkerala.scripts.TestClass1" name="BlankEmail" time="4.72"/>
  <testcase classname="com.ictkerala.scripts.TestClass1" name="UserAddButton" time="0.0">
    <ignored/>
  </testcase> <!-- UserAddButton -->
  <testcase classname="com.ictkerala.scripts.TestClass1" name="BlankUsername" time="0.0">
    <ignored/>
  </testcase> <!-- BlankUsername -->
  <testcase classname="com.ictkerala.scripts.TestClass1" name="AdminUserDelete" time="0.0">
    <ignored/>
  </testcase> <!-- AdminUserDelete -->
  <testcase classname="com.ictkerala.scripts.TestClass1" name="BlankName" time="0.0">
    <ignored/>
  </testcase> <!-- BlankName -->
  <testcase classname="com.ictkerala.scripts.TestClass1" name="AdminUserUpdate" time="0.0">
    <ignored/>
  </testcase> <!-- AdminUserUpdate -->
  <testcase classname="com.ictkerala.scripts.TestClass1" name="AddUser" time="0.0">
    <ignored/>
  </testcase> <!-- AddUser -->
  <testcase classname="com.ictkerala.scripts.TestClass1" name="RoleNotSelected" time="0.0">
    <ignored/>
  </testcase> <!-- RoleNotSelected -->
  <testcase classname="com.ictkerala.scripts.TestClass1" name="BlankPassword" time="0.0">
    <ignored/>
  </testcase> <!-- BlankPassword -->
</testsuite> <!-- Default test -->
