<?xml version="1.0" encoding="UTF-8"?>
<testng-results ignored="0" total="1" passed="1" failed="0" skipped="0">
  <reporter-output>
  </reporter-output>
  <suite started-at="2023-09-30T14:58:13 IST" name="Default suite" finished-at="2023-09-30T14:58:18 IST" duration-ms="4792">
    <groups>
    </groups>
    <test started-at="2023-09-30T14:58:13 IST" name="Default test" finished-at="2023-09-30T14:58:18 IST" duration-ms="4792">
      <class name="com.ictkerala.scripts.TestClass1">
        <test-method is-config="true" signature="initialization()[pri:0, instance:com.ictkerala.scripts.TestClass1@292b08d6]" started-at="2023-09-30T14:58:02 IST" name="initialization" finished-at="2023-09-30T14:58:13 IST" duration-ms="10860" status="PASS">
          <reporter-output>
          </reporter-output>
        </test-method> <!-- initialization -->
        <test-method signature="BlankEmail()[pri:0, instance:com.ictkerala.scripts.TestClass1@292b08d6]" started-at="2023-09-30T14:58:13 IST" name="BlankEmail" description="Test Case:16" finished-at="2023-09-30T14:58:18 IST" duration-ms="4720" status="PASS">
          <reporter-output>
          </reporter-output>
        </test-method> <!-- BlankEmail -->
      </class> <!-- com.ictkerala.scripts.TestClass1 -->
    </test> <!-- Default test -->
  </suite> <!-- Default suite -->
</testng-results>
